<?xml version="1.0" encoding="UTF-8"?>
<!-- Generated by org.testng.reporters.JUnitXMLReporter -->
<testsuite ignored="5" hostname="DESKTOP-OSC7BHQ" failures="0" tests="1" name="Default test" time="25.939" errors="0" timestamp="2025-09-07T14:39:14 IST">
  <testcase classname="TestCases.HoverTest" name="windowhandling2" time="10.925"/>
  <testcase classname="TestCases.HoverTest" name="iframetest" time="0.0">
    <ignored/>
  </testcase> <!-- iframetest -->
  <testcase classname="TestCases.HoverTest" name="dragdrop" time="0.0">
    <ignored/>
  </testcase> <!-- dragdrop -->
  <testcase classname="TestCases.HoverTest" name="windowhandling" time="0.0">
    <ignored/>
  </testcase> <!-- windowhandling -->
  <testcase classname="TestCases.HoverTest" name="adstest" time="0.0">
    <ignored/>
  </testcase> <!-- adstest -->
  <testcase classname="TestCases.HoverTest" name="Hovertesting" time="0.0">
    <ignored/>
  </testcase> <!-- Hovertesting -->
</testsuite> <!-- Default test -->
