<?xml version="1.0" encoding="UTF-8"?>
<!-- Generated by org.testng.reporters.JUnitXMLReporter -->
<testsuite ignored="0" hostname="DESKTOP-OSC7BHQ" failures="0" tests="11" name="Test" time="91.979" errors="0" timestamp="2025-09-07T14:46:08 IST">
  <testcase classname="TestCases.JavaExecutorWaitElement" name="TestJavScriptDelay" time="12.227"/>
  <testcase classname="TestCases.launcingBrowser" name="form" time="5.587"/>
  <testcase classname="TestCases.HoverTest" name="Hovertesting" time="1.083"/>
  <testcase classname="TestCases.HoverTest" name="adstest" time="5.593"/>
  <testcase classname="TestCases.HoverTest" name="dragdrop" time="2.823"/>
  <testcase classname="TestCases.HoverTest" name="iframetest" time="5.123"/>
  <testcase classname="TestCases.HoverTest" name="windowhandling" time="4.096"/>
  <testcase classname="TestCases.HoverTest" name="windowhandling2" time="4.768"/>
  <testcase classname="TestCases.SliderTest" name="sliderTest" time="1.384"/>
  <testcase classname="TestCases.Popups" name="popuptest" time="2.737"/>
  <testcase classname="TestCases.Models" name="TC_models" time="3.221"/>
</testsuite> <!-- Test -->
