<?xml version="1.0" encoding="UTF-8"?>
<!-- Generated by org.testng.reporters.JUnitXMLReporter -->
<testsuite ignored="0" hostname="DESKTOP-OSC7BHQ" failures="0" tests="11" name="Test" time="94.042" errors="0" timestamp="2025-09-09T10:47:21 IST">
  <testcase classname="TestCases.JavaExecutorWaitElement" name="TestJavScriptDelay" time="12.154"/>
  <testcase classname="TestCases.launcingBrowser" name="form" time="4.091"/>
  <testcase classname="TestCases.CombinedTests" name="Hovertesting" time="0.942"/>
  <testcase classname="TestCases.CombinedTests" name="adstest" time="5.836"/>
  <testcase classname="TestCases.CombinedTests" name="dragdrop" time="1.887"/>
  <testcase classname="TestCases.CombinedTests" name="iframetest" time="3.484"/>
  <testcase classname="TestCases.CombinedTests" name="windowhandling" time="6.401"/>
  <testcase classname="TestCases.CombinedTests" name="windowhandling2" time="4.003"/>
  <testcase classname="TestCases.SliderTest" name="sliderTest" time="1.534"/>
  <testcase classname="TestCases.Popups" name="popuptest" time="1.797"/>
  <testcase classname="TestCases.Models" name="TC_models" time="9.553"/>
</testsuite> <!-- Test -->
