<?xml version="1.0" encoding="UTF-8"?>
<testsuite xmlns:xsi="http://www.w3.org/2001/XMLSchema-instance" xsi:noNamespaceSchemaLocation="https://maven.apache.org/surefire/maven-surefire-plugin/xsd/surefire-test-report.xsd" version="3.0.2" name="TestSuite" time="96.045" tests="11" errors="0" skipped="0" failures="0">
  <properties>
[...]
</properties>
  <testcase name="TestJavScriptDelay" classname="TestCases.JavaExecutorWaitElement" time="12.161">
    <system-out><![CDATA[10:45:58 [main] INFO  TestCases.JavaExecutorWaitElement - loading webpage
✅ Same text matched: Liftoff!
]]></system-out>
    <system-err><![CDATA[SLF4J: No SLF4J providers were found.
SLF4J: Defaulting to no-operation (NOP) logger implementation
SLF4J: See https://www.slf4j.org/codes.html#noProviders for further details.
SLF4J: Class path contains SLF4J bindings targeting slf4j-api versions 1.7.x or earlier.
SLF4J: Ignoring binding found at [jar:file:/C:/Users/acer/.m2/repository/org/apache/logging/log4j/log4j-slf4j-impl/2.20.0/log4j-slf4j-impl-2.20.0.jar!/org/slf4j/impl/StaticLoggerBinder.class]
SLF4J: See https://www.slf4j.org/codes.html#ignoredBindings for an explanation.
Sep 09, 2025 10:45:58 AM org.openqa.selenium.devtools.CdpVersionFinder findNearestMatch
WARNING: Unable to find CDP implementation matching 139
Sep 09, 2025 10:45:58 AM org.openqa.selenium.chromium.ChromiumDriver lambda$new$5
WARNING: Unable to find version of CDP to use for 139.0.7258.155. You may need to include a dependency on a specific version of the CDP using something similar to `org.seleniumhq.selenium:selenium-devtools-v86:4.11.0` where the version ("v86") matches the version of the chromium-based browser you're using and the version number of the artifact is the same as Selenium's.
]]></system-err>
  </testcase>
  <testcase name="form" classname="TestCases.launcingBrowser" time="4.172">
    <system-out><![CDATA[10:46:17 [main] INFO  TestCases.launcingBrowser - loading webpage
Heloo gur10:46:20 [main] INFO  TestCases.launcingBrowser - form is clicked
10:46:21 [main] INFO  TestCases.launcingBrowser - name and password is filled
10:46:21 [main] INFO  TestCases.launcingBrowser - Color is selecteed
10:46:23 [main] INFO  TestCases.launcingBrowser - email is entered
10:46:23 [main] INFO  TestCases.launcingBrowser - Data is submit
10:46:24 [main] INFO  TestCases.launcingBrowser - Alertaccepted Succesfully
]]></system-out>
    <system-err><![CDATA[Sep 09, 2025 10:46:17 AM org.openqa.selenium.devtools.CdpVersionFinder findNearestMatch
WARNING: Unable to find CDP implementation matching 139
Sep 09, 2025 10:46:17 AM org.openqa.selenium.chromium.ChromiumDriver lambda$new$5
WARNING: Unable to find version of CDP to use for 139.0.7258.155. You may need to include a dependency on a specific version of the CDP using something similar to `org.seleniumhq.selenium:selenium-devtools-v86:4.11.0` where the version ("v86") matches the version of the chromium-based browser you're using and the version number of the artifact is the same as Selenium's.
]]></system-err>
  </testcase>
  <testcase name="Hovertesting" classname="TestCases.CombinedTests" time="0.95">
    <system-out><![CDATA[10:46:27 [main] INFO  TestCases.CombinedTests - loading webpage
10:46:30 [main] INFO  TestCases.CombinedTests - Calling method inside page
10:46:30 [main] INFO  TestCases.CombinedTests - Test is completed
]]></system-out>
    <system-err><![CDATA[Sep 09, 2025 10:46:27 AM org.openqa.selenium.devtools.CdpVersionFinder findNearestMatch
WARNING: Unable to find CDP implementation matching 139
Sep 09, 2025 10:46:27 AM org.openqa.selenium.chromium.ChromiumDriver lambda$new$5
WARNING: Unable to find version of CDP to use for 139.0.7258.155. You may need to include a dependency on a specific version of the CDP using something similar to `org.seleniumhq.selenium:selenium-devtools-v86:4.11.0` where the version ("v86") matches the version of the chromium-based browser you're using and the version number of the artifact is the same as Selenium's.
]]></system-err>
  </testcase>
  <testcase name="adstest" classname="TestCases.CombinedTests" time="5.832"/>
  <testcase name="dragdrop" classname="TestCases.CombinedTests" time="1.879"/>
  <testcase name="iframetest" classname="TestCases.CombinedTests" time="3.498">
    <system-out><![CDATA[Page Title inside iframe: Iframes | Practice Automation
]]></system-out>
  </testcase>
  <testcase name="windowhandling" classname="TestCases.CombinedTests" time="6.393"/>
  <testcase name="windowhandling2" classname="TestCases.CombinedTests" time="4.003"/>
  <testcase name="sliderTest" classname="TestCases.SliderTest" time="1.531">
    <system-out><![CDATA[10:46:55 [main] INFO  TestCases.SliderTest - loading webpage
Slider Total Value=25
]]></system-out>
    <system-err><![CDATA[Sep 09, 2025 10:46:55 AM org.openqa.selenium.devtools.CdpVersionFinder findNearestMatch
WARNING: Unable to find CDP implementation matching 139
Sep 09, 2025 10:46:55 AM org.openqa.selenium.chromium.ChromiumDriver lambda$new$5
WARNING: Unable to find version of CDP to use for 139.0.7258.155. You may need to include a dependency on a specific version of the CDP using something similar to `org.seleniumhq.selenium:selenium-devtools-v86:4.11.0` where the version ("v86") matches the version of the chromium-based browser you're using and the version number of the artifact is the same as Selenium's.
]]></system-err>
  </testcase>
  <testcase name="popuptest" classname="TestCases.Popups" time="1.798">
    <system-out><![CDATA[10:47:01 [main] INFO  TestCases.Popups - loading webpage
10:47:04 [main] INFO  TestCases.Popups - popup pag is loaded
10:47:04 [main] INFO  TestCases.Popups - Alert ox is Clicked
confirm textOK or Cancel, which will it be?
10:47:05 [main] INFO  TestCases.Popups - Confirm alert is Handled
10:47:05 [main] INFO  TestCases.Popups - Prompt alert is Handled
]]></system-out>
    <system-err><![CDATA[Sep 09, 2025 10:47:01 AM org.openqa.selenium.devtools.CdpVersionFinder findNearestMatch
WARNING: Unable to find CDP implementation matching 139
Sep 09, 2025 10:47:01 AM org.openqa.selenium.chromium.ChromiumDriver lambda$new$5
WARNING: Unable to find version of CDP to use for 139.0.7258.155. You may need to include a dependency on a specific version of the CDP using something similar to `org.seleniumhq.selenium:selenium-devtools-v86:4.11.0` where the version ("v86") matches the version of the chromium-based browser you're using and the version number of the artifact is the same as Selenium's.
]]></system-err>
  </testcase>
  <testcase name="TC_models" classname="TestCases.Models" time="9.552">
    <system-out><![CDATA[10:47:07 [main] INFO  TestCases.Models - loading webpage
Your message has been sentYour message has been sent]]></system-out>
    <system-err><![CDATA[Sep 09, 2025 10:47:07 AM org.openqa.selenium.devtools.CdpVersionFinder findNearestMatch
WARNING: Unable to find CDP implementation matching 139
Sep 09, 2025 10:47:07 AM org.openqa.selenium.chromium.ChromiumDriver lambda$new$5
WARNING: Unable to find version of CDP to use for 139.0.7258.155. You may need to include a dependency on a specific version of the CDP using something similar to `org.seleniumhq.selenium:selenium-devtools-v86:4.11.0` where the version ("v86") matches the version of the chromium-based browser you're using and the version number of the artifact is the same as Selenium's.
]]></system-err>
  </testcase>
</testsuite>