<?xml version="1.0" encoding="UTF-8"?>
<testng-results ignored="0" total="11" passed="11" failed="0" skipped="0">
  <reporter-output>
  </reporter-output>
  <suite started-at="2025-09-07T14:44:36 IST" name="Suite" finished-at="2025-09-07T14:46:08 IST" duration-ms="91979">
    <groups>
    </groups>
    <test started-at="2025-09-07T14:44:36 IST" name="Test" finished-at="2025-09-07T14:46:08 IST" duration-ms="91979">
      <class name="TestCases.JavaExecutorWaitElement">
        <test-method is-config="true" signature="setup()[pri:0, instance:TestCases.JavaExecutorWaitElement@5386659f]" started-at="2025-09-07T14:44:36 IST" name="setup" finished-at="2025-09-07T14:44:47 IST" duration-ms="11059" status="PASS">
          <reporter-output>
          </reporter-output>
        </test-method> <!-- setup -->
        <test-method signature="TestJavScriptDelay()[pri:0, instance:TestCases.JavaExecutorWaitElement@5386659f]" started-at="2025-09-07T14:44:47 IST" name="TestJavScriptDelay" finished-at="2025-09-07T14:44:59 IST" duration-ms="12227" status="PASS">
          <reporter-output>
          </reporter-output>
        </test-method> <!-- TestJavScriptDelay -->
      </class> <!-- TestCases.JavaExecutorWaitElement -->
      <class name="TestCases.launcingBrowser">
        <test-method is-config="true" signature="setup()[pri:0, instance:TestCases.launcingBrowser@14028087]" started-at="2025-09-07T14:44:59 IST" name="setup" finished-at="2025-09-07T14:45:05 IST" duration-ms="6192" status="PASS">
          <reporter-output>
          </reporter-output>
        </test-method> <!-- setup -->
        <test-method signature="form()[pri:1, instance:TestCases.launcingBrowser@14028087]" started-at="2025-09-07T14:45:05 IST" name="form" finished-at="2025-09-07T14:45:11 IST" duration-ms="5587" status="PASS">
          <reporter-output>
          </reporter-output>
        </test-method> <!-- form -->
      </class> <!-- TestCases.launcingBrowser -->
      <class name="TestCases.Popups">
        <test-method is-config="true" signature="setup()[pri:0, instance:TestCases.Popups@7ce026d3]" started-at="2025-09-07T14:45:49 IST" name="setup" finished-at="2025-09-07T14:45:55 IST" duration-ms="6553" status="PASS">
          <reporter-output>
          </reporter-output>
        </test-method> <!-- setup -->
        <test-method signature="popuptest()[pri:0, instance:TestCases.Popups@7ce026d3]" started-at="2025-09-07T14:45:55 IST" name="popuptest" finished-at="2025-09-07T14:45:58 IST" duration-ms="2737" status="PASS">
          <reporter-output>
          </reporter-output>
        </test-method> <!-- popuptest -->
      </class> <!-- TestCases.Popups -->
      <class name="TestCases.HoverTest">
        <test-method is-config="true" signature="setup()[pri:0, instance:TestCases.HoverTest@cecf639]" started-at="2025-09-07T14:45:11 IST" name="setup" finished-at="2025-09-07T14:45:18 IST" duration-ms="6859" status="PASS">
          <reporter-output>
          </reporter-output>
        </test-method> <!-- setup -->
        <test-method signature="Hovertesting()[pri:0, instance:TestCases.HoverTest@cecf639]" started-at="2025-09-07T14:45:18 IST" name="Hovertesting" description="Its a Hover Over Element Test" finished-at="2025-09-07T14:45:19 IST" duration-ms="1083" status="PASS">
          <reporter-output>
          </reporter-output>
        </test-method> <!-- Hovertesting -->
        <test-method signature="adstest()[pri:0, instance:TestCases.HoverTest@cecf639]" started-at="2025-09-07T14:45:19 IST" name="adstest" description="Its ads Test" finished-at="2025-09-07T14:45:25 IST" duration-ms="5593" status="PASS">
          <reporter-output>
          </reporter-output>
        </test-method> <!-- adstest -->
        <test-method signature="dragdrop()[pri:0, instance:TestCases.HoverTest@cecf639]" started-at="2025-09-07T14:45:25 IST" name="dragdrop" description="I am a Drag and Drop Test" finished-at="2025-09-07T14:45:27 IST" duration-ms="2823" status="PASS">
          <reporter-output>
          </reporter-output>
        </test-method> <!-- dragdrop -->
        <test-method signature="iframetest()[pri:0, instance:TestCases.HoverTest@cecf639]" started-at="2025-09-07T14:45:27 IST" name="iframetest" description="Iframe TESTing" finished-at="2025-09-07T14:45:33 IST" duration-ms="5123" status="PASS">
          <reporter-output>
          </reporter-output>
        </test-method> <!-- iframetest -->
        <test-method signature="windowhandling()[pri:0, instance:TestCases.HoverTest@cecf639]" started-at="2025-09-07T14:45:33 IST" name="windowhandling" description="WindowHandling" finished-at="2025-09-07T14:45:37 IST" duration-ms="4096" status="PASS">
          <reporter-output>
          </reporter-output>
        </test-method> <!-- windowhandling -->
        <test-method signature="windowhandling2()[pri:0, instance:TestCases.HoverTest@cecf639]" started-at="2025-09-07T14:45:37 IST" name="windowhandling2" description="WindowHandling2" finished-at="2025-09-07T14:45:41 IST" duration-ms="4768" status="PASS">
          <reporter-output>
          </reporter-output>
        </test-method> <!-- windowhandling2 -->
      </class> <!-- TestCases.HoverTest -->
      <class name="TestCases.SliderTest">
        <test-method is-config="true" signature="setup()[pri:0, instance:TestCases.SliderTest@1caa0244]" started-at="2025-09-07T14:45:41 IST" name="setup" finished-at="2025-09-07T14:45:47 IST" duration-ms="5827" status="PASS">
          <reporter-output>
          </reporter-output>
        </test-method> <!-- setup -->
        <test-method signature="sliderTest()[pri:0, instance:TestCases.SliderTest@1caa0244]" started-at="2025-09-07T14:45:47 IST" name="sliderTest" finished-at="2025-09-07T14:45:49 IST" duration-ms="1384" status="PASS">
          <reporter-output>
          </reporter-output>
        </test-method> <!-- sliderTest -->
      </class> <!-- TestCases.SliderTest -->
      <class name="TestCases.Models">
        <test-method is-config="true" signature="setup()[pri:0, instance:TestCases.Models@7ce69770]" started-at="2025-09-07T14:45:58 IST" name="setup" finished-at="2025-09-07T14:46:04 IST" duration-ms="6464" status="PASS">
          <reporter-output>
          </reporter-output>
        </test-method> <!-- setup -->
        <test-method signature="TC_models()[pri:0, instance:TestCases.Models@7ce69770]" started-at="2025-09-07T14:46:04 IST" name="TC_models" finished-at="2025-09-07T14:46:08 IST" duration-ms="3221" status="PASS">
          <reporter-output>
          </reporter-output>
        </test-method> <!-- TC_models -->
      </class> <!-- TestCases.Models -->
    </test> <!-- Test -->
  </suite> <!-- Suite -->
</testng-results>
